Arguments: 
  D:\nodejs\node.exe C:\Program Files (x86)\Yarn\bin\yarn.js global

PATH: 
  C:\Python27\;C:\Python27\Scripts;C:\Python38-32\Scripts\;C:\Python38-32\;C:\Program Files (x86)\Common Files\Oracle\Java\javapath;C:\ProgramData\Oracle\Java\javapath;C:\WINDOWS\system32;C:\WINDOWS;C:\WINDOWS\System32\Wbem;C:\WINDOWS\System32\WindowsPowerShell\v1.0\;C:\Program Files (x86)\NVIDIA Corporation\PhysX\Common;G:\Apache\bin;G:\xampp\mysql\bin;C:\Program Files\MySQL\MySQL Server 5.5\bin;D:\xampp\mysql\bin;G:\eclipse\adt-bundle-windows-x86_64-20131030\sdk;F:\Android\sdk;C:\Program Files\Java\jdk1.8.0_45\bin;G:\Phonegap\apache-ant-1.10.1-bin\apache-ant-1.10.1\bin;C:\Program Files (x86)\Yarn\bin\;E:\Importer Imformation\php高级\php-7.2.3-nts-Win32-VC15-x64;F:\Github\Laravel-blog\vendor\bin;C:\WINDOWS\system32;C:\WINDOWS;C:\WINDOWS\System32\Wbem;C:\WINDOWS\System32\WindowsPowerShell\v1.0\;C:\WINDOWS\System32\OpenSSH\;D:\Program Files\MongoDB\Server\4.0\bin;C:\Program Files\Git\cmd;C:\Program Files\NVIDIA Corporation\NVIDIA NvDLISR;D:\nvm;D:\nodejs;D:\npm\node_global;C:\Ruby23-x64\bin;C:\Users\Administrator\AppData\Local\Programs\EmEditor;F:\Android\sdk;D:\Program Files\Microsoft VS Code\bin;C:\Users\Administrator\AppData\Local\Yarn\bin;C:\Users\Administrator\AppData\Roaming\Composer\vendor\bin;C:\Users\Administrator\AppData\Local\Microsoft\WindowsApps;D:\Program Files (x86)\Microsoft VS Code\bin;D:\nvm;D:\nodejs

Yarn version: 
  1.5.1

Node version: 
  12.13.0

Platform: 
  win32 x64

npm manifest: 
  {
    "scripts": {
      "deploy": "node deploy",
      "version": "conventional-changelog -p angular -i CHANGELOG.md -s && git add CHANGELOG.md",
      "postversion": "npm run deploy"
    }
  }

yarn manifest: 
  No manifest

Lockfile: 
  No lockfile

Trace: 
  Error: Invalid subcommand. Try "add, bin, dir, ls, list, remove, upgrade, upgrade-interactive"
      at new MessageError (C:\Program Files (x86)\Yarn\lib\cli.js:186:110)
      at Object.<anonymous> (C:\Program Files (x86)\Yarn\lib\cli.js:30362:59)
      at Generator.next (<anonymous>)
      at step (C:\Program Files (x86)\Yarn\lib\cli.js:98:30)
      at C:\Program Files (x86)\Yarn\lib\cli.js:116:14
      at new Promise (<anonymous>)
      at new F (C:\Program Files (x86)\Yarn\lib\cli.js:23451:28)
      at Object.<anonymous> (C:\Program Files (x86)\Yarn\lib\cli.js:95:12)
      at Object.run (C:\Program Files (x86)\Yarn\lib\cli.js:30366:19)
      at run (C:\Program Files (x86)\Yarn\lib\cli.js:89113:20)
