Arguments: 
  D:\Program Files\nodejs\node.exe C:\Program Files (x86)\Yarn\bin\yarn.js install weinre : 2.0.0-pre-I0Z7U9OV

PATH: 
  C:\Program Files (x86)\Common Files\Oracle\Java\javapath;C:\ProgramData\Oracle\Java\javapath;C:\WINDOWS\system32;C:\WINDOWS;C:\WINDOWS\System32\Wbem;C:\WINDOWS\System32\WindowsPowerShell\v1.0\;C:\Program Files (x86)\NVIDIA Corporation\PhysX\Common;G:\Apache\bin;G:\xampp\mysql\bin;C:\Program Files\MySQL\MySQL Server 5.5\bin;D:\xampp\mysql\bin;G:\eclipse\adt-bundle-windows-x86_64-20131030\sdk;F:\Android\sdk;C:\Program Files\Java\jdk1.8.0_45\bin;G:\Phonegap\apache-ant-1.10.1-bin\apache-ant-1.10.1\bin;D:\Program Files\nodejs\node_modules\http-server\bin;C:\Program Files (x86)\Yarn\bin\;E:\Importer Imformation\php高级\php-7.2.3-nts-Win32-VC15-x64;D;\Program Files (x86);F:\Github\Laravel-blog\vendor\bin;C:\WINDOWS\system32;C:\WINDOWS;C:\WINDOWS\System32\Wbem;C:\WINDOWS\System32\WindowsPowerShell\v1.0\;C:\WINDOWS\System32\OpenSSH\;D:\Program Files\MongoDB\Server\4.0\bin;D:\Program Files\nodejs\;D:\Program Files (x86)\python;C:\Program Files\Git\cmd;C:\Program Files\NVIDIA Corporation\NVIDIA NvDLISR;C:\Ruby23-x64\bin;C:\Users\Administrator\AppData\Local\Programs\EmEditor;F:\Android\sdk;D:\Program Files\Microsoft VS Code\bin;C:\Users\Administrator\AppData\Local\Yarn\bin;C:\Users\Administrator\AppData\Roaming\Composer\vendor\bin;C:\Users\Administrator\AppData\Local\Microsoft\WindowsApps;;D:\Program Files (x86)\Microsoft VS Code\bin;C:\Users\Administrator\AppData\Roaming\npm

Yarn version: 
  1.5.1

Node version: 
  10.15.0

Platform: 
  win32 x64

npm manifest: 
  {
    "name": "debug-spy",
    "version": "1.0.0",
    "description": "",
    "main": "index.js",
    "scripts": {
      "start": "weinre --httpPort 8888 --boundHost -all-"
    },
    "git": "",
    "private": true,
    "author": "liejiayong(809206619@qq.com)",
    "license": "ISC",
    "dependencies": {}
  }

yarn manifest: 
  No manifest

Lockfile: 
  No lockfile

Trace: 
  Error: `install` has been replaced with `add` to add new dependencies. Run "yarn add weinre : 2.0.0-pre-I0Z7U9OV" instead.
      at new MessageError (C:\Program Files (x86)\Yarn\lib\cli.js:186:110)
      at Object.<anonymous> (C:\Program Files (x86)\Yarn\lib\cli.js:21987:13)
      at Generator.next (<anonymous>)
      at step (C:\Program Files (x86)\Yarn\lib\cli.js:98:30)
      at C:\Program Files (x86)\Yarn\lib\cli.js:109:13
